<?xml version="1.0" encoding="UTF-8"?>
<!-- Generated by org.testng.reporters.JUnitReportReporter -->
<testsuite hostname="Estefania" failures="0" tests="1" name="cucumber.TestNGTestRunner" time="15.997" errors="0" timestamp="2024-11-06T16:24:21 CST" skipped="0">
  <testcase classname="cucumber.TestNGTestRunner" name="runScenario" time="15.997"/>
  <system-out/>
</testsuite> <!-- cucumber.TestNGTestRunner -->
