<?xml version="1.0" encoding="UTF-8"?>
<!-- Generated by org.testng.reporters.JUnitReportReporter -->
<testsuite hostname="Estefania" failures="0" tests="3" name="rahulshettyacademy.tests.SubmitOrder" time="40.153" errors="0" timestamp="2024-10-30T23:49:17 GMT-06:00" skipped="0">
  <testcase classname="rahulshettyacademy.tests.SubmitOrder" name="submitOrder" time="15.211"/>
  <testcase classname="rahulshettyacademy.tests.SubmitOrder" name="submitOrder" time="14.241"/>
  <testcase classname="rahulshettyacademy.tests.SubmitOrder" name="OrderHistoryTest" time="10.701"/>
</testsuite> <!-- rahulshettyacademy.tests.SubmitOrder -->
